Problem:    froccs
Rows:       3
Columns:    8
Non-zeros:  24
Status:     OPTIMAL
Objective:  OverallCost = 115625 (MAXimum)

   No.   Row name   St   Activity     Lower bound   Upper bound    Marginal
------ ------------ -- ------------- ------------- ------------- -------------
     1 OsszetevokFelhasznalasa[Bor]
                    NU          1000                        1000         98.75 
     2 OsszetevokFelhasznalasa[Szoda]
                    NU          1500                        1500         11.25 
     3 OverallCost  B         115625                             

   No. Column name  St   Activity     Lower bound   Upper bound    Marginal
------ ------------ -- ------------- ------------- ------------- -------------
     1 mennyiseg[Kisfroccs]
                    B          937.5             0               
     2 mennyiseg[Nagyfroccs]
                    NL             0             0                       -8.75 
     3 mennyiseg[Hosszulepes]
                    NL             0             0                       -1.25 
     4 mennyiseg[Hazmester]
                    NL             0             0                      -58.75 
     5 mennyiseg[Vicehazmester]
                    NL             0             0                      -31.25 
     6 mennyiseg[Krudyfroccs]
                    NL             0             0                        -100 
     7 mennyiseg[Soherfroccs]
                    B           62.5             0               
     8 mennyiseg[Puskasfroccs]
                    NL             0             0                      -76.25 

Karush-Kuhn-Tucker optimality conditions:

KKT.PE: max.abs.err = 0.00e+00 on row 0
        max.rel.err = 0.00e+00 on row 0
        High quality

KKT.PB: max.abs.err = 0.00e+00 on row 0
        max.rel.err = 0.00e+00 on row 0
        High quality

KKT.DE: max.abs.err = 0.00e+00 on column 0
        max.rel.err = 0.00e+00 on column 0
        High quality

KKT.DB: max.abs.err = 0.00e+00 on row 0
        max.rel.err = 0.00e+00 on row 0
        High quality

End of output
