Problem:    DJ
Rows:       6
Columns:    7 (7 integer, 7 binary)
Non-zeros:  24
Status:     INTEGER OPTIMAL
Objective:  TrackList = 5 (MAXimum)

   No.   Row name        Activity     Lower bound   Upper bound
------ ------------    ------------- ------------- -------------
     1 ShouldntPlayThreeUnlikedSongs[Andi]
                                   1                           2 
     2 ShouldntPlayThreeUnlikedSongs[Guszti]
                                   2                           2 
     3 ShouldntPlayThreeUnlikedSongs[Patrik]
                                   2                           2 
     4 ShouldntPlayThreeUnlikedSongs[Tina]
                                   2                           2 
     5 ShouldntPlayThreeUnlikedSongs[Mate]
                                   2                           2 
     6 TrackList                   5                             

   No. Column name       Activity     Lower bound   Upper bound
------ ------------    ------------- ------------- -------------
     1 play[ItsMyLife]
                    *              1             0             1 
     2 play[WhiskyInTheJar]
                    *              0             0             1 
     3 play[ILoveRockAndRoll]
                    *              0             0             1 
     4 play[HighwayToHell]
                    *              1             0             1 
     5 play[ShippingUpToBoston]
                    *              1             0             1 
     6 play[SummerOf69]
                    *              1             0             1 
     7 play[Freedom]
                    *              1             0             1 

Integer feasibility conditions:

KKT.PE: max.abs.err = 0.00e+00 on row 0
        max.rel.err = 0.00e+00 on row 0
        High quality

KKT.PB: max.abs.err = 0.00e+00 on row 0
        max.rel.err = 0.00e+00 on row 0
        High quality

End of output
