Problem:    szuperbigyo
Rows:       6
Columns:    5 (5 integer, 5 binary)
Non-zeros:  20
Status:     INTEGER OPTIMAL
Objective:  Profit = 2958 (MAXimum)

   No.   Row name        Activity     Lower bound   Upper bound
------ ------------    ------------- ------------- -------------
     1 ReasourceBalanced[1]
                                  23                         543 
     2 ReasourceBalanced[2]
                                  98                        1006 
     3 ReasourceBalanced[3]
                                 163                        1029 
     4 ReasourceBalanced[4]
                                 175                        1371 
     5 ReasourceBalanced[5]
                                 229                        2024 
     6 Profit                   2958                             

   No. Column name       Activity     Lower bound   Upper bound
------ ------------    ------------- ------------- -------------
     1 manufacture[order3]
                    *              1             0             1 
     2 manufacture[order4]
                    *              1             0             1 
     3 manufacture[order2]
                    *              1             0             1 
     4 manufacture[order5]
                    *              1             0             1 
     5 manufacture[order1]
                    *              1             0             1 

Integer feasibility conditions:

KKT.PE: max.abs.err = 0.00e+00 on row 0
        max.rel.err = 0.00e+00 on row 0
        High quality

KKT.PB: max.abs.err = 0.00e+00 on row 0
        max.rel.err = 0.00e+00 on row 0
        High quality

End of output
