Problem:    kutfuras
Rows:       7
Columns:    5 (5 integer, 5 binary)
Non-zeros:  19
Status:     INTEGER OPTIMAL
Objective:  Cost = 14.7 (MINimum)

   No.   Row name        Activity     Lower bound   Upper bound
------ ------------    ------------- ------------- -------------
     1 MakePumps[house1]
                                   1             1               
     2 MakePumps[house2]
                                   1             1               
     3 MakePumps[house3]
                                   2             1               
     4 MakePumps[house4]
                                   2             1               
     5 MakePumps[house5]
                                   1             1               
     6 MakePumps[house6]
                                   1             1               
     7 Cost                     14.7                             

   No. Column name       Activity     Lower bound   Upper bound
------ ------------    ------------- ------------- -------------
     1 makePump[pump1]
                    *              0             0             1 
     2 makePump[pump2]
                    *              1             0             1 
     3 makePump[pump3]
                    *              1             0             1 
     4 makePump[pump4]
                    *              1             0             1 
     5 makePump[pump5]
                    *              0             0             1 

Integer feasibility conditions:

KKT.PE: max.abs.err = 0.00e+00 on row 0
        max.rel.err = 0.00e+00 on row 0
        High quality

KKT.PB: max.abs.err = 0.00e+00 on row 0
        max.rel.err = 0.00e+00 on row 0
        High quality

End of output
