Problem:    tetelkidolgozas
Rows:       15
Columns:    25 (25 integer, 25 binary)
Non-zeros:  75
Status:     INTEGER OPTIMAL
Objective:  OverallCost[Zsuzsi] = 5 (MINimum)

   No.   Row name        Activity     Lower bound   Upper bound
------ ------------    ------------- ------------- -------------
     1 MakeSubject[SZGM]
                                   1             1             = 
     2 MakeSubject[Matek2]
                                   1             1             = 
     3 MakeSubject[Diszkretmatek]
                                   1             1             = 
     4 MakeSubject[Algo]
                                   1             1             = 
     5 MakeSubject[OOP]
                                   1             1             = 
     6 MakeSubject1[Zsuzsi]
                                   1             1             = 
     7 MakeSubject1[Dani]
                                   1             1             = 
     8 MakeSubject1[Lilla]
                                   1             1             = 
     9 MakeSubject1[Pisti]
                                   1             1             = 
    10 MakeSubject1[Marci]
                                   1             1             = 
    11 OverallCost[Zsuzsi]
                                   5                             
    12 OverallCost[Dani]
                                   8                             
    13 OverallCost[Lilla]
                                  10                             
    14 OverallCost[Pisti]
                                  30                             
    15 OverallCost[Marci]
                                   9                             

   No. Column name       Activity     Lower bound   Upper bound
------ ------------    ------------- ------------- -------------
     1 buy[SZGM,Zsuzsi]
                    *              0             0             1 
     2 buy[SZGM,Dani]
                    *              1             0             1 
     3 buy[SZGM,Lilla]
                    *              0             0             1 
     4 buy[SZGM,Pisti]
                    *              0             0             1 
     5 buy[SZGM,Marci]
                    *              0             0             1 
     6 buy[Matek2,Zsuzsi]
                    *              1             0             1 
     7 buy[Matek2,Dani]
                    *              0             0             1 
     8 buy[Matek2,Lilla]
                    *              0             0             1 
     9 buy[Matek2,Pisti]
                    *              0             0             1 
    10 buy[Matek2,Marci]
                    *              0             0             1 
    11 buy[Diszkretmatek,Zsuzsi]
                    *              0             0             1 
    12 buy[Diszkretmatek,Dani]
                    *              0             0             1 
    13 buy[Diszkretmatek,Lilla]
                    *              1             0             1 
    14 buy[Diszkretmatek,Pisti]
                    *              0             0             1 
    15 buy[Diszkretmatek,Marci]
                    *              0             0             1 
    16 buy[Algo,Zsuzsi]
                    *              0             0             1 
    17 buy[Algo,Dani]
                    *              0             0             1 
    18 buy[Algo,Lilla]
                    *              0             0             1 
    19 buy[Algo,Pisti]
                    *              0             0             1 
    20 buy[Algo,Marci]
                    *              1             0             1 
    21 buy[OOP,Zsuzsi]
                    *              0             0             1 
    22 buy[OOP,Dani]
                    *              0             0             1 
    23 buy[OOP,Lilla]
                    *              0             0             1 
    24 buy[OOP,Pisti]
                    *              1             0             1 
    25 buy[OOP,Marci]
                    *              0             0             1 

Integer feasibility conditions:

KKT.PE: max.abs.err = 0.00e+00 on row 0
        max.rel.err = 0.00e+00 on row 0
        High quality

KKT.PB: max.abs.err = 0.00e+00 on row 0
        max.rel.err = 0.00e+00 on row 0
        High quality

End of output
