Problem:    szuperbigyo_lehetseges_bovitesek
Rows:       37
Columns:    65 (5 integer, 5 binary)
Non-zeros:  190
Status:     INTEGER OPTIMAL
Objective:  Profit = 1619 (MAXimum)

   No.   Row name        Activity     Lower bound   Upper bound
------ ------------    ------------- ------------- -------------
     1 Initial                     0            -0             = 
     2 NextDay[1,material1]
                                  60            60             = 
     3 NextDay[1,material2]
                                  70            70             = 
     4 NextDay[1,material3]
                                  64            64             = 
     5 NextDay[2,material1]
                                  70            70             = 
     6 NextDay[2,material2]
                                  30            30             = 
     7 NextDay[2,material3]
                                  72            72             = 
     8 NextDay[3,material1]
                                  80            80             = 
     9 NextDay[3,material2]
                                  60            60             = 
    10 NextDay[3,material3]
                                  88            88             = 
    11 NextDay[4,material1]
                                  10            10             = 
    12 NextDay[4,material2]
                                  20            20             = 
    13 NextDay[4,material3]
                                  12            12             = 
    14 NextDay[5,material1]
                                  10            10             = 
    15 NextDay[5,material2]
                                  50            50             = 
    16 NextDay[5,material3]
                                  16            16             = 
    17 MaxStorage[1,material1]
                                  20                          20 
    18 MaxStorage[1,material2]
                                   1                          20 
    19 MaxStorage[1,material3]
                                   0                          20 
    20 MaxStorage[2,material1]
                                  20                          20 
    21 MaxStorage[2,material2]
                                   1                          20 
    22 MaxStorage[2,material3]
                                   0                          20 
    23 MaxStorage[3,material1]
                                  20                          20 
    24 MaxStorage[3,material2]
                                   1                          20 
    25 MaxStorage[3,material3]
                                   0                          20 
    26 MaxStorage[4,material1]
                                  18                          20 
    27 MaxStorage[4,material2]
                                   0                          20 
    28 MaxStorage[4,material3]
                                   0                          20 
    29 MaxStorage[5,material1]
                                   0                          20 
    30 MaxStorage[5,material2]
                                   0                          20 
    31 MaxStorage[5,material3]
                                   0                          20 
    32 WorkDayHours[1]
                                  20                          40 
    33 WorkDayHours[2]
                                   0                          40 
    34 WorkDayHours[3]
                                   0                          40 
    35 WorkDayHours[4]
                                  40                          40 
    36 WorkDayHours[5]
                                   0                          40 
    37 Profit                   1619                             

   No. Column name       Activity     Lower bound   Upper bound
------ ------------    ------------- ------------- -------------
     1 manufacture[order3]
                    *              1             0             1 
     2 manufacture[order4]
                    *              0             0             1 
     3 manufacture[order2]
                    *              0             0             1 
     4 manufacture[order5]
                    *              1             0             1 
     5 manufacture[order1]
                    *              0             0             1 
     6 szuperbigyoStorage[material1,1,2]
                                   0             0               
     7 szuperbigyoStorage[material1,1,3]
                                   0             0               
     8 szuperbigyoStorage[material1,1,4]
                                   2             0               
     9 szuperbigyoStorage[material1,1,5]
                                  18             0               
    10 szuperbigyoStorage[material2,1,2]
                                   0             0               
    11 szuperbigyoStorage[material2,1,3]
                                   0             0               
    12 szuperbigyoStorage[material2,1,4]
                                   1             0               
    13 szuperbigyoStorage[material2,1,5]
                                   0             0               
    14 szuperbigyoStorage[material3,1,2]
                                   0             0               
    15 szuperbigyoStorage[material3,1,3]
                                   0             0               
    16 szuperbigyoStorage[material3,1,4]
                                   0             0               
    17 szuperbigyoStorage[material3,1,5]
                                   0             0               
    18 szuperbigyoStorage[material1,2,3]
                                   0             0               
    19 szuperbigyoStorage[material1,2,4]
                                   0             0               
    20 szuperbigyoStorage[material1,2,5]
                                   0             0               
    21 szuperbigyoStorage[material2,2,3]
                                   0             0               
    22 szuperbigyoStorage[material2,2,4]
                                   0             0               
    23 szuperbigyoStorage[material2,2,5]
                                   0             0               
    24 szuperbigyoStorage[material3,2,3]
                                   0             0               
    25 szuperbigyoStorage[material3,2,4]
                                   0             0               
    26 szuperbigyoStorage[material3,2,5]
                                   0             0               
    27 szuperbigyoStorage[material1,3,4]
                                   0             0               
    28 szuperbigyoStorage[material1,3,5]
                                   0             0               
    29 szuperbigyoStorage[material2,3,4]
                                   0             0               
    30 szuperbigyoStorage[material2,3,5]
                                   0             0               
    31 szuperbigyoStorage[material3,3,4]
                                   0             0               
    32 szuperbigyoStorage[material3,3,5]
                                   0             0               
    33 szuperbigyoStorage[material1,4,5]
                                   0             0               
    34 szuperbigyoStorage[material2,4,5]
                                   0             0               
    35 szuperbigyoStorage[material3,4,5]
                                   0             0               
    36 szuperbigyoThrowAway[1,material1]
                                  17             0               
    37 szuperbigyoThrowAway[1,material2]
                                  37             0               
    38 szuperbigyoThrowAway[1,material3]
                                  42             0               
    39 szuperbigyoThrowAway[2,material1]
                                  70             0               
    40 szuperbigyoThrowAway[2,material2]
                                  30             0               
    41 szuperbigyoThrowAway[2,material3]
                                  72             0               
    42 szuperbigyoThrowAway[3,material1]
                                  80             0               
    43 szuperbigyoThrowAway[3,material2]
                                  60             0               
    44 szuperbigyoThrowAway[3,material3]
                                  88             0               
    45 szuperbigyoThrowAway[4,material1]
                                   0             0               
    46 szuperbigyoThrowAway[4,material2]
                                   0             0               
    47 szuperbigyoThrowAway[4,material3]
                                   1             0               
    48 szuperbigyoThrowAway[5,material1]
                                  28             0               
    49 szuperbigyoThrowAway[5,material2]
                                  50             0               
    50 szuperbigyoThrowAway[5,material3]
                                  16             0               
    51 szuperbigyoBuy[1,material1]
                                   0             0               
    52 szuperbigyoBuy[1,material2]
                                   0             0               
    53 szuperbigyoBuy[1,material3]
                                   0             0               
    54 szuperbigyoBuy[2,material1]
                                   0             0               
    55 szuperbigyoBuy[2,material2]
                                   0             0               
    56 szuperbigyoBuy[2,material3]
                                   0             0               
    57 szuperbigyoBuy[3,material1]
                                   0             0               
    58 szuperbigyoBuy[3,material2]
                                   0             0               
    59 szuperbigyoBuy[3,material3]
                                   0             0               
    60 szuperbigyoBuy[4,material1]
                                   0             0               
    61 szuperbigyoBuy[4,material2]
                                   0             0               
    62 szuperbigyoBuy[4,material3]
                                   0             0               
    63 szuperbigyoBuy[5,material1]
                                   0             0               
    64 szuperbigyoBuy[5,material2]
                                   0             0               
    65 szuperbigyoBuy[5,material3]
                                   0             0               

Integer feasibility conditions:

KKT.PE: max.abs.err = 0.00e+00 on row 0
        max.rel.err = 0.00e+00 on row 0
        High quality

KKT.PB: max.abs.err = 0.00e+00 on row 0
        max.rel.err = 0.00e+00 on row 0
        High quality

End of output
